{"C:\\Users\\Iwan\\OneDrive\\Desktop\\BOOTCAMP PHASE 2\\IP-P2\\IP-RMT54\\Server\\app.js": {"path":"C:\\Users\\Iwan\\OneDrive\\Desktop\\BOOTCAMP PHASE 2\\IP-P2\\IP-RMT54\\Server\\app.js","statementMap":{"0":{"start":{"line":1,"column":16},"end":{"line":1,"column":34}},"1":{"start":{"line":2,"column":19},"end":{"line":2,"column":54}},"2":{"start":{"line":3,"column":21},"end":{"line":3,"column":58}},"3":{"start":{"line":4,"column":23},"end":{"line":4,"column":62}},"4":{"start":{"line":5,"column":32},"end":{"line":5,"column":70}},"5":{"start":{"line":6,"column":13},"end":{"line":6,"column":28}},"6":{"start":{"line":7,"column":12},"end":{"line":7,"column":21}},"7":{"start":{"line":8,"column":0},"end":{"line":10,"column":1}},"8":{"start":{"line":9,"column":2},"end":{"line":9,"column":29}},"9":{"start":{"line":12,"column":0},"end":{"line":12,"column":16}},"10":{"start":{"line":13,"column":0},"end":{"line":13,"column":24}},"11":{"start":{"line":14,"column":0},"end":{"line":14,"column":48}},"12":{"start":{"line":16,"column":0},"end":{"line":16,"column":43}},"13":{"start":{"line":17,"column":0},"end":{"line":17,"column":37}},"14":{"start":{"line":18,"column":0},"end":{"line":18,"column":49}},"15":{"start":{"line":20,"column":0},"end":{"line":20,"column":62}},"16":{"start":{"line":21,"column":0},"end":{"line":21,"column":63}},"17":{"start":{"line":23,"column":0},"end":{"line":28,"column":2}},"18":{"start":{"line":30,"column":0},"end":{"line":30,"column":53}},"19":{"start":{"line":31,"column":0},"end":{"line":31,"column":58}},"20":{"start":{"line":33,"column":0},"end":{"line":33,"column":60}},"21":{"start":{"line":35,"column":15},"end":{"line":35,"column":32}},"22":{"start":{"line":36,"column":16},"end":{"line":36,"column":38}},"23":{"start":{"line":37,"column":15},"end":{"line":37,"column":40}},"24":{"start":{"line":38,"column":0},"end":{"line":38,"column":91}},"25":{"start":{"line":40,"column":0},"end":{"line":40,"column":22}},"26":{"start":{"line":42,"column":0},"end":{"line":42,"column":21}}},"fnMap":{},"branchMap":{"0":{"loc":{"start":{"line":8,"column":0},"end":{"line":10,"column":1}},"type":"if","locations":[{"start":{"line":8,"column":0},"end":{"line":10,"column":1}},{"start":{},"end":{}}],"line":8}},"s":{"0":2,"1":2,"2":2,"3":2,"4":2,"5":2,"6":2,"7":2,"8":2,"9":2,"10":2,"11":2,"12":2,"13":2,"14":2,"15":2,"16":2,"17":2,"18":2,"19":2,"20":2,"21":2,"22":2,"23":2,"24":2,"25":2,"26":2},"f":{},"b":{"0":[2,0]},"_coverageSchema":"1a1c01bbd47fc00a2c39e90264f33305004495a9","hash":"1f4d38bbec6d0907d88b45d27bf78824edd5d8dd"}
,"C:\\Users\\Iwan\\OneDrive\\Desktop\\BOOTCAMP PHASE 2\\IP-P2\\IP-RMT54\\Server\\controllers\\controller.js": {"path":"C:\\Users\\Iwan\\OneDrive\\Desktop\\BOOTCAMP PHASE 2\\IP-P2\\IP-RMT54\\Server\\controllers\\controller.js","statementMap":{"0":{"start":{"line":1,"column":24},"end":{"line":1,"column":41}},"1":{"start":{"line":2,"column":36},"end":{"line":2,"column":56}},"2":{"start":{"line":3,"column":22},"end":{"line":3,"column":47}},"3":{"start":{"line":4,"column":25},"end":{"line":4,"column":55}},"4":{"start":{"line":8,"column":42},"end":{"line":8,"column":50}},"5":{"start":{"line":9,"column":4},"end":{"line":24,"column":5}},"6":{"start":{"line":10,"column":19},"end":{"line":15,"column":8}},"7":{"start":{"line":17,"column":27},"end":{"line":17,"column":52}},"8":{"start":{"line":18,"column":6},"end":{"line":18,"column":35}},"9":{"start":{"line":20,"column":6},"end":{"line":20,"column":41}},"10":{"start":{"line":22,"column":26},"end":{"line":22,"column":120}},"11":{"start":{"line":23,"column":6},"end":{"line":23,"column":18}},"12":{"start":{"line":27,"column":32},"end":{"line":27,"column":40}},"13":{"start":{"line":28,"column":4},"end":{"line":62,"column":5}},"14":{"start":{"line":29,"column":6},"end":{"line":32,"column":7}},"15":{"start":{"line":30,"column":8},"end":{"line":30,"column":63}},"16":{"start":{"line":31,"column":8},"end":{"line":31,"column":15}},"17":{"start":{"line":33,"column":6},"end":{"line":36,"column":7}},"18":{"start":{"line":34,"column":8},"end":{"line":34,"column":66}},"19":{"start":{"line":35,"column":8},"end":{"line":35,"column":15}},"20":{"start":{"line":38,"column":19},"end":{"line":38,"column":59}},"21":{"start":{"line":40,"column":6},"end":{"line":45,"column":7}},"22":{"start":{"line":41,"column":8},"end":{"line":44,"column":11}},"23":{"start":{"line":47,"column":22},"end":{"line":47,"column":58}},"24":{"start":{"line":49,"column":6},"end":{"line":54,"column":7}},"25":{"start":{"line":50,"column":8},"end":{"line":53,"column":11}},"26":{"start":{"line":56,"column":27},"end":{"line":56,"column":57}},"27":{"start":{"line":58,"column":6},"end":{"line":58,"column":66}},"28":{"start":{"line":60,"column":26},"end":{"line":60,"column":117}},"29":{"start":{"line":61,"column":6},"end":{"line":61,"column":18}},"30":{"start":{"line":66,"column":4},"end":{"line":96,"column":5}},"31":{"start":{"line":67,"column":24},"end":{"line":67,"column":35}},"32":{"start":{"line":69,"column":21},"end":{"line":69,"column":39}},"33":{"start":{"line":70,"column":21},"end":{"line":75,"column":8}},"34":{"start":{"line":76,"column":22},"end":{"line":76,"column":41}},"35":{"start":{"line":78,"column":30},"end":{"line":88,"column":8}},"36":{"start":{"line":90,"column":27},"end":{"line":90,"column":57}},"37":{"start":{"line":92,"column":6},"end":{"line":92,"column":66}},"38":{"start":{"line":94,"column":26},"end":{"line":94,"column":123}},"39":{"start":{"line":95,"column":6},"end":{"line":95,"column":18}},"40":{"start":{"line":100,"column":28},"end":{"line":100,"column":36}},"41":{"start":{"line":101,"column":4},"end":{"line":112,"column":5}},"42":{"start":{"line":102,"column":21},"end":{"line":102,"column":29}},"43":{"start":{"line":103,"column":25},"end":{"line":106,"column":8}},"44":{"start":{"line":108,"column":6},"end":{"line":108,"column":39}},"45":{"start":{"line":110,"column":26},"end":{"line":110,"column":125}},"46":{"start":{"line":111,"column":6},"end":{"line":111,"column":18}},"47":{"start":{"line":116,"column":28},"end":{"line":116,"column":38}},"48":{"start":{"line":117,"column":4},"end":{"line":135,"column":5}},"49":{"start":{"line":118,"column":26},"end":{"line":118,"column":122}},"50":{"start":{"line":119,"column":26},"end":{"line":119,"column":34}},"51":{"start":{"line":121,"column":25},"end":{"line":121,"column":78}},"52":{"start":{"line":122,"column":6},"end":{"line":127,"column":7}},"53":{"start":{"line":123,"column":8},"end":{"line":126,"column":11}},"54":{"start":{"line":129,"column":6},"end":{"line":129,"column":65}},"55":{"start":{"line":131,"column":6},"end":{"line":131,"column":39}},"56":{"start":{"line":133,"column":26},"end":{"line":133,"column":128}},"57":{"start":{"line":134,"column":6},"end":{"line":134,"column":18}},"58":{"start":{"line":139,"column":4},"end":{"line":153,"column":5}},"59":{"start":{"line":140,"column":19},"end":{"line":140,"column":27}},"60":{"start":{"line":141,"column":25},"end":{"line":141,"column":79}},"61":{"start":{"line":142,"column":6},"end":{"line":147,"column":7}},"62":{"start":{"line":143,"column":8},"end":{"line":146,"column":11}},"63":{"start":{"line":149,"column":6},"end":{"line":149,"column":39}},"64":{"start":{"line":151,"column":26},"end":{"line":151,"column":125}},"65":{"start":{"line":152,"column":6},"end":{"line":152,"column":18}},"66":{"start":{"line":158,"column":4},"end":{"line":171,"column":5}},"67":{"start":{"line":159,"column":21},"end":{"line":159,"column":29}},"68":{"start":{"line":160,"column":19},"end":{"line":165,"column":8}},"69":{"start":{"line":167,"column":6},"end":{"line":167,"column":40}},"70":{"start":{"line":169,"column":26},"end":{"line":169,"column":121}},"71":{"start":{"line":170,"column":6},"end":{"line":170,"column":18}},"72":{"start":{"line":175,"column":36},"end":{"line":175,"column":44}},"73":{"start":{"line":176,"column":4},"end":{"line":190,"column":5}},"74":{"start":{"line":177,"column":21},"end":{"line":177,"column":29}},"75":{"start":{"line":178,"column":6},"end":{"line":178,"column":68}},"76":{"start":{"line":179,"column":19},"end":{"line":184,"column":8}},"77":{"start":{"line":186,"column":6},"end":{"line":186,"column":40}},"78":{"start":{"line":188,"column":26},"end":{"line":188,"column":121}},"79":{"start":{"line":189,"column":6},"end":{"line":189,"column":18}},"80":{"start":{"line":194,"column":4},"end":{"line":218,"column":5}},"81":{"start":{"line":196,"column":25},"end":{"line":196,"column":49}},"82":{"start":{"line":197,"column":6},"end":{"line":201,"column":9}},"83":{"start":{"line":203,"column":21},"end":{"line":203,"column":38}},"84":{"start":{"line":204,"column":17},"end":{"line":204,"column":51}},"85":{"start":{"line":206,"column":21},"end":{"line":208,"column":7}},"86":{"start":{"line":210,"column":19},"end":{"line":210,"column":38}},"87":{"start":{"line":212,"column":6},"end":{"line":212,"column":39}},"88":{"start":{"line":214,"column":6},"end":{"line":214,"column":55}},"89":{"start":{"line":216,"column":26},"end":{"line":216,"column":125}},"90":{"start":{"line":217,"column":6},"end":{"line":217,"column":18}},"91":{"start":{"line":222,"column":4},"end":{"line":229,"column":5}},"92":{"start":{"line":223,"column":22},"end":{"line":223,"column":45}},"93":{"start":{"line":225,"column":6},"end":{"line":225,"column":43}},"94":{"start":{"line":227,"column":26},"end":{"line":227,"column":121}},"95":{"start":{"line":228,"column":6},"end":{"line":228,"column":18}},"96":{"start":{"line":232,"column":0},"end":{"line":232,"column":28}},"97":{"start":{"line":239,"column":85},"end":{"line":239,"column":40026}},"98":{"start":{"line":239,"column":89},"end":{"line":239,"column":40015}}},"fnMap":{"0":{"name":"(anonymous_0)","decl":{"start":{"line":7,"column":2},"end":{"line":7,"column":3}},"loc":{"start":{"line":7,"column":40},"end":{"line":25,"column":3}},"line":7},"1":{"name":"(anonymous_1)","decl":{"start":{"line":26,"column":2},"end":{"line":26,"column":3}},"loc":{"start":{"line":26,"column":37},"end":{"line":63,"column":3}},"line":26},"2":{"name":"(anonymous_2)","decl":{"start":{"line":65,"column":2},"end":{"line":65,"column":3}},"loc":{"start":{"line":65,"column":43},"end":{"line":97,"column":3}},"line":65},"3":{"name":"(anonymous_3)","decl":{"start":{"line":99,"column":2},"end":{"line":99,"column":3}},"loc":{"start":{"line":99,"column":43},"end":{"line":113,"column":3}},"line":99},"4":{"name":"(anonymous_4)","decl":{"start":{"line":115,"column":2},"end":{"line":115,"column":3}},"loc":{"start":{"line":115,"column":46},"end":{"line":136,"column":3}},"line":115},"5":{"name":"(anonymous_5)","decl":{"start":{"line":138,"column":2},"end":{"line":138,"column":3}},"loc":{"start":{"line":138,"column":43},"end":{"line":154,"column":3}},"line":138},"6":{"name":"(anonymous_6)","decl":{"start":{"line":157,"column":2},"end":{"line":157,"column":3}},"loc":{"start":{"line":157,"column":39},"end":{"line":172,"column":3}},"line":157},"7":{"name":"(anonymous_7)","decl":{"start":{"line":174,"column":2},"end":{"line":174,"column":3}},"loc":{"start":{"line":174,"column":42},"end":{"line":191,"column":3}},"line":174},"8":{"name":"(anonymous_8)","decl":{"start":{"line":193,"column":2},"end":{"line":193,"column":3}},"loc":{"start":{"line":193,"column":42},"end":{"line":219,"column":3}},"line":193},"9":{"name":"(anonymous_9)","decl":{"start":{"line":221,"column":2},"end":{"line":221,"column":3}},"loc":{"start":{"line":221,"column":42},"end":{"line":230,"column":3}},"line":221},"10":{"name":"oo_cm","decl":{"start":{"line":239,"column":77},"end":{"line":239,"column":82}},"loc":{"start":{"line":239,"column":84},"end":{"line":239,"column":40027}},"line":239}},"branchMap":{"0":{"loc":{"start":{"line":29,"column":6},"end":{"line":32,"column":7}},"type":"if","locations":[{"start":{"line":29,"column":6},"end":{"line":32,"column":7}},{"start":{},"end":{}}],"line":29},"1":{"loc":{"start":{"line":33,"column":6},"end":{"line":36,"column":7}},"type":"if","locations":[{"start":{"line":33,"column":6},"end":{"line":36,"column":7}},{"start":{},"end":{}}],"line":33},"2":{"loc":{"start":{"line":40,"column":6},"end":{"line":45,"column":7}},"type":"if","locations":[{"start":{"line":40,"column":6},"end":{"line":45,"column":7}},{"start":{},"end":{}}],"line":40},"3":{"loc":{"start":{"line":49,"column":6},"end":{"line":54,"column":7}},"type":"if","locations":[{"start":{"line":49,"column":6},"end":{"line":54,"column":7}},{"start":{},"end":{}}],"line":49},"4":{"loc":{"start":{"line":122,"column":6},"end":{"line":127,"column":7}},"type":"if","locations":[{"start":{"line":122,"column":6},"end":{"line":127,"column":7}},{"start":{},"end":{}}],"line":122},"5":{"loc":{"start":{"line":142,"column":6},"end":{"line":147,"column":7}},"type":"if","locations":[{"start":{"line":142,"column":6},"end":{"line":147,"column":7}},{"start":{},"end":{}}],"line":142},"6":{"loc":{"start":{"line":239,"column":96},"end":{"line":239,"column":40014}},"type":"binary-expr","locations":[{"start":{"line":239,"column":96},"end":{"line":239,"column":133}},{"start":{"line":239,"column":137},"end":{"line":239,"column":40014}}],"line":239}},"s":{"0":2,"1":2,"2":2,"3":2,"4":5,"5":5,"6":5,"7":1,"8":1,"9":1,"10":4,"11":4,"12":7,"13":7,"14":7,"15":1,"16":1,"17":6,"18":1,"19":1,"20":5,"21":5,"22":1,"23":4,"24":4,"25":1,"26":3,"27":3,"28":0,"29":0,"30":0,"31":0,"32":0,"33":0,"34":0,"35":0,"36":0,"37":0,"38":0,"39":0,"40":1,"41":1,"42":1,"43":1,"44":1,"45":0,"46":0,"47":1,"48":1,"49":1,"50":1,"51":1,"52":1,"53":0,"54":1,"55":1,"56":0,"57":0,"58":0,"59":0,"60":0,"61":0,"62":0,"63":0,"64":0,"65":0,"66":1,"67":1,"68":1,"69":1,"70":0,"71":0,"72":1,"73":1,"74":1,"75":1,"76":1,"77":1,"78":0,"79":0,"80":0,"81":0,"82":0,"83":0,"84":0,"85":0,"86":0,"87":0,"88":0,"89":0,"90":0,"91":1,"92":1,"93":1,"94":0,"95":0,"96":2,"97":5,"98":5},"f":{"0":5,"1":7,"2":0,"3":1,"4":1,"5":0,"6":1,"7":1,"8":0,"9":1,"10":5},"b":{"0":[1,6],"1":[1,5],"2":[1,4],"3":[1,3],"4":[0,1],"5":[0,0],"6":[5,0]},"_coverageSchema":"1a1c01bbd47fc00a2c39e90264f33305004495a9","hash":"73bfb95cec71ba1faeb7abfc828280f782518bff"}
,"C:\\Users\\Iwan\\OneDrive\\Desktop\\BOOTCAMP PHASE 2\\IP-P2\\IP-RMT54\\Server\\helpers\\jwt.js": {"path":"C:\\Users\\Iwan\\OneDrive\\Desktop\\BOOTCAMP PHASE 2\\IP-P2\\IP-RMT54\\Server\\helpers\\jwt.js","statementMap":{"0":{"start":{"line":1,"column":12},"end":{"line":1,"column":35}},"1":{"start":{"line":3,"column":17},"end":{"line":3,"column":25}},"2":{"start":{"line":5,"column":18},"end":{"line":7,"column":1}},"3":{"start":{"line":6,"column":2},"end":{"line":6,"column":39}},"4":{"start":{"line":9,"column":20},"end":{"line":11,"column":1}},"5":{"start":{"line":10,"column":2},"end":{"line":10,"column":39}},"6":{"start":{"line":13,"column":0},"end":{"line":13,"column":44}}},"fnMap":{"0":{"name":"(anonymous_0)","decl":{"start":{"line":5,"column":18},"end":{"line":5,"column":19}},"loc":{"start":{"line":5,"column":31},"end":{"line":7,"column":1}},"line":5},"1":{"name":"(anonymous_1)","decl":{"start":{"line":9,"column":20},"end":{"line":9,"column":21}},"loc":{"start":{"line":9,"column":31},"end":{"line":11,"column":1}},"line":9}},"branchMap":{},"s":{"0":2,"1":2,"2":2,"3":3,"4":2,"5":5,"6":2},"f":{"0":3,"1":5},"b":{},"_coverageSchema":"1a1c01bbd47fc00a2c39e90264f33305004495a9","hash":"77ca9a7b87d759d1a7f973f6830e4c09fdf0ceab"}
,"C:\\Users\\Iwan\\OneDrive\\Desktop\\BOOTCAMP PHASE 2\\IP-P2\\IP-RMT54\\Server\\middlewares\\authentication.js": {"path":"C:\\Users\\Iwan\\OneDrive\\Desktop\\BOOTCAMP PHASE 2\\IP-P2\\IP-RMT54\\Server\\middlewares\\authentication.js","statementMap":{"0":{"start":{"line":1,"column":17},"end":{"line":1,"column":37}},"1":{"start":{"line":2,"column":24},"end":{"line":2,"column":49}},"2":{"start":{"line":5,"column":22},"end":{"line":5,"column":47}},"3":{"start":{"line":7,"column":2},"end":{"line":10,"column":3}},"4":{"start":{"line":8,"column":4},"end":{"line":8,"column":40}},"5":{"start":{"line":9,"column":4},"end":{"line":9,"column":11}},"6":{"start":{"line":12,"column":16},"end":{"line":12,"column":41}},"7":{"start":{"line":15,"column":2},"end":{"line":18,"column":3}},"8":{"start":{"line":16,"column":4},"end":{"line":16,"column":40}},"9":{"start":{"line":17,"column":4},"end":{"line":17,"column":11}},"10":{"start":{"line":21,"column":2},"end":{"line":36,"column":3}},"11":{"start":{"line":22,"column":15},"end":{"line":22,"column":33}},"12":{"start":{"line":24,"column":15},"end":{"line":24,"column":47}},"13":{"start":{"line":25,"column":4},"end":{"line":28,"column":5}},"14":{"start":{"line":26,"column":6},"end":{"line":26,"column":42}},"15":{"start":{"line":27,"column":6},"end":{"line":27,"column":13}},"16":{"start":{"line":31,"column":4},"end":{"line":31,"column":20}},"17":{"start":{"line":32,"column":4},"end":{"line":32,"column":11}},"18":{"start":{"line":34,"column":24},"end":{"line":34,"column":110}},"19":{"start":{"line":35,"column":4},"end":{"line":35,"column":16}},"20":{"start":{"line":40,"column":0},"end":{"line":40,"column":32}},"21":{"start":{"line":47,"column":85},"end":{"line":47,"column":40026}},"22":{"start":{"line":47,"column":89},"end":{"line":47,"column":40015}}},"fnMap":{"0":{"name":"authentication","decl":{"start":{"line":4,"column":15},"end":{"line":4,"column":29}},"loc":{"start":{"line":4,"column":46},"end":{"line":38,"column":1}},"line":4},"1":{"name":"oo_cm","decl":{"start":{"line":47,"column":77},"end":{"line":47,"column":82}},"loc":{"start":{"line":47,"column":84},"end":{"line":47,"column":40027}},"line":47}},"branchMap":{"0":{"loc":{"start":{"line":7,"column":2},"end":{"line":10,"column":3}},"type":"if","locations":[{"start":{"line":7,"column":2},"end":{"line":10,"column":3}},{"start":{},"end":{}}],"line":7},"1":{"loc":{"start":{"line":15,"column":2},"end":{"line":18,"column":3}},"type":"if","locations":[{"start":{"line":15,"column":2},"end":{"line":18,"column":3}},{"start":{},"end":{}}],"line":15},"2":{"loc":{"start":{"line":25,"column":4},"end":{"line":28,"column":5}},"type":"if","locations":[{"start":{"line":25,"column":4},"end":{"line":28,"column":5}},{"start":{},"end":{}}],"line":25},"3":{"loc":{"start":{"line":47,"column":96},"end":{"line":47,"column":40014}},"type":"binary-expr","locations":[{"start":{"line":47,"column":96},"end":{"line":47,"column":133}},{"start":{"line":47,"column":137},"end":{"line":47,"column":40014}}],"line":47}},"s":{"0":2,"1":2,"2":10,"3":10,"4":5,"5":5,"6":5,"7":5,"8":0,"9":0,"10":5,"11":5,"12":5,"13":5,"14":0,"15":0,"16":5,"17":5,"18":0,"19":0,"20":2,"21":0,"22":0},"f":{"0":10,"1":0},"b":{"0":[5,5],"1":[0,5],"2":[0,5],"3":[0,0]},"_coverageSchema":"1a1c01bbd47fc00a2c39e90264f33305004495a9","hash":"5f950b51a2336b5d63b2486d252e74ebc9e978a5"}
,"C:\\Users\\Iwan\\OneDrive\\Desktop\\BOOTCAMP PHASE 2\\IP-P2\\IP-RMT54\\Server\\middlewares\\authorization.js": {"path":"C:\\Users\\Iwan\\OneDrive\\Desktop\\BOOTCAMP PHASE 2\\IP-P2\\IP-RMT54\\Server\\middlewares\\authorization.js","statementMap":{"0":{"start":{"line":1,"column":21},"end":{"line":1,"column":41}},"1":{"start":{"line":4,"column":13},"end":{"line":4,"column":21}},"2":{"start":{"line":10,"column":2},"end":{"line":12,"column":3}},"3":{"start":{"line":11,"column":4},"end":{"line":11,"column":37}},"4":{"start":{"line":14,"column":2},"end":{"line":33,"column":3}},"5":{"start":{"line":15,"column":28},"end":{"line":15,"column":38}},"6":{"start":{"line":16,"column":16},"end":{"line":16,"column":79}},"7":{"start":{"line":18,"column":4},"end":{"line":20,"column":5}},"8":{"start":{"line":19,"column":6},"end":{"line":19,"column":70}},"9":{"start":{"line":22,"column":4},"end":{"line":29,"column":5}},"10":{"start":{"line":23,"column":6},"end":{"line":23,"column":20}},"11":{"start":{"line":25,"column":6},"end":{"line":28,"column":9}},"12":{"start":{"line":31,"column":24},"end":{"line":31,"column":106}},"13":{"start":{"line":32,"column":4},"end":{"line":32,"column":16}},"14":{"start":{"line":37,"column":13},"end":{"line":37,"column":21}},"15":{"start":{"line":43,"column":2},"end":{"line":55,"column":3}},"16":{"start":{"line":44,"column":4},"end":{"line":51,"column":5}},"17":{"start":{"line":45,"column":6},"end":{"line":48,"column":9}},"18":{"start":{"line":50,"column":6},"end":{"line":50,"column":12}},"19":{"start":{"line":53,"column":24},"end":{"line":53,"column":106}},"20":{"start":{"line":54,"column":4},"end":{"line":54,"column":16}},"21":{"start":{"line":57,"column":0},"end":{"line":57,"column":40}},"22":{"start":{"line":64,"column":85},"end":{"line":64,"column":40026}},"23":{"start":{"line":64,"column":89},"end":{"line":64,"column":40015}}},"fnMap":{"0":{"name":"updateDelete","decl":{"start":{"line":3,"column":15},"end":{"line":3,"column":27}},"loc":{"start":{"line":3,"column":44},"end":{"line":34,"column":1}},"line":3},"1":{"name":"admin","decl":{"start":{"line":36,"column":15},"end":{"line":36,"column":20}},"loc":{"start":{"line":36,"column":37},"end":{"line":56,"column":1}},"line":36},"2":{"name":"oo_cm","decl":{"start":{"line":64,"column":77},"end":{"line":64,"column":82}},"loc":{"start":{"line":64,"column":84},"end":{"line":64,"column":40027}},"line":64}},"branchMap":{"0":{"loc":{"start":{"line":10,"column":2},"end":{"line":12,"column":3}},"type":"if","locations":[{"start":{"line":10,"column":2},"end":{"line":12,"column":3}},{"start":{},"end":{}}],"line":10},"1":{"loc":{"start":{"line":18,"column":4},"end":{"line":20,"column":5}},"type":"if","locations":[{"start":{"line":18,"column":4},"end":{"line":20,"column":5}},{"start":{},"end":{}}],"line":18},"2":{"loc":{"start":{"line":22,"column":4},"end":{"line":29,"column":5}},"type":"if","locations":[{"start":{"line":22,"column":4},"end":{"line":29,"column":5}},{"start":{"line":24,"column":11},"end":{"line":29,"column":5}}],"line":22},"3":{"loc":{"start":{"line":44,"column":4},"end":{"line":51,"column":5}},"type":"if","locations":[{"start":{"line":44,"column":4},"end":{"line":51,"column":5}},{"start":{"line":49,"column":9},"end":{"line":51,"column":5}}],"line":44},"4":{"loc":{"start":{"line":64,"column":96},"end":{"line":64,"column":40014}},"type":"binary-expr","locations":[{"start":{"line":64,"column":96},"end":{"line":64,"column":133}},{"start":{"line":64,"column":137},"end":{"line":64,"column":40014}}],"line":64}},"s":{"0":2,"1":1,"2":1,"3":0,"4":1,"5":1,"6":1,"7":1,"8":0,"9":1,"10":1,"11":0,"12":0,"13":0,"14":0,"15":0,"16":0,"17":0,"18":0,"19":0,"20":0,"21":2,"22":0,"23":0},"f":{"0":1,"1":0,"2":0},"b":{"0":[0,1],"1":[0,1],"2":[1,0],"3":[0,0],"4":[0,0]},"_coverageSchema":"1a1c01bbd47fc00a2c39e90264f33305004495a9","hash":"5b40b08c90ff4f0c7ca01eb90756f27f975bdfd0"}
,"C:\\Users\\Iwan\\OneDrive\\Desktop\\BOOTCAMP PHASE 2\\IP-P2\\IP-RMT54\\Server\\middlewares\\errorHandler.js": {"path":"C:\\Users\\Iwan\\OneDrive\\Desktop\\BOOTCAMP PHASE 2\\IP-P2\\IP-RMT54\\Server\\middlewares\\errorHandler.js","statementMap":{"0":{"start":{"line":2,"column":22},"end":{"line":2,"column":100}},"1":{"start":{"line":3,"column":2},"end":{"line":36,"column":3}},"2":{"start":{"line":5,"column":6},"end":{"line":5,"column":57}},"3":{"start":{"line":6,"column":6},"end":{"line":6,"column":12}},"4":{"start":{"line":8,"column":6},"end":{"line":8,"column":53}},"5":{"start":{"line":9,"column":6},"end":{"line":9,"column":12}},"6":{"start":{"line":11,"column":6},"end":{"line":11,"column":53}},"7":{"start":{"line":12,"column":6},"end":{"line":12,"column":12}},"8":{"start":{"line":14,"column":6},"end":{"line":14,"column":53}},"9":{"start":{"line":15,"column":6},"end":{"line":15,"column":12}},"10":{"start":{"line":17,"column":6},"end":{"line":19,"column":60}},"11":{"start":{"line":19,"column":47},"end":{"line":19,"column":56}},"12":{"start":{"line":20,"column":6},"end":{"line":20,"column":12}},"13":{"start":{"line":22,"column":6},"end":{"line":22,"column":53}},"14":{"start":{"line":23,"column":6},"end":{"line":23,"column":12}},"15":{"start":{"line":25,"column":6},"end":{"line":25,"column":53}},"16":{"start":{"line":26,"column":6},"end":{"line":26,"column":12}},"17":{"start":{"line":28,"column":6},"end":{"line":30,"column":39}},"18":{"start":{"line":31,"column":6},"end":{"line":31,"column":12}},"19":{"start":{"line":34,"column":6},"end":{"line":34,"column":65}},"20":{"start":{"line":35,"column":6},"end":{"line":35,"column":12}},"21":{"start":{"line":38,"column":0},"end":{"line":38,"column":30}},"22":{"start":{"line":45,"column":85},"end":{"line":45,"column":40026}},"23":{"start":{"line":45,"column":89},"end":{"line":45,"column":40015}}},"fnMap":{"0":{"name":"errorHandler","decl":{"start":{"line":1,"column":9},"end":{"line":1,"column":21}},"loc":{"start":{"line":1,"column":43},"end":{"line":37,"column":1}},"line":1},"1":{"name":"(anonymous_1)","decl":{"start":{"line":19,"column":40},"end":{"line":19,"column":41}},"loc":{"start":{"line":19,"column":47},"end":{"line":19,"column":56}},"line":19},"2":{"name":"oo_cm","decl":{"start":{"line":45,"column":77},"end":{"line":45,"column":82}},"loc":{"start":{"line":45,"column":84},"end":{"line":45,"column":40027}},"line":45}},"branchMap":{"0":{"loc":{"start":{"line":3,"column":2},"end":{"line":36,"column":3}},"type":"switch","locations":[{"start":{"line":4,"column":4},"end":{"line":6,"column":12}},{"start":{"line":7,"column":4},"end":{"line":9,"column":12}},{"start":{"line":10,"column":4},"end":{"line":12,"column":12}},{"start":{"line":13,"column":4},"end":{"line":15,"column":12}},{"start":{"line":16,"column":4},"end":{"line":20,"column":12}},{"start":{"line":21,"column":4},"end":{"line":23,"column":12}},{"start":{"line":24,"column":4},"end":{"line":26,"column":12}},{"start":{"line":27,"column":4},"end":{"line":31,"column":12}},{"start":{"line":33,"column":4},"end":{"line":35,"column":12}}],"line":3},"1":{"loc":{"start":{"line":45,"column":96},"end":{"line":45,"column":40014}},"type":"binary-expr","locations":[{"start":{"line":45,"column":96},"end":{"line":45,"column":133}},{"start":{"line":45,"column":137},"end":{"line":45,"column":40014}}],"line":45}},"s":{"0":13,"1":13,"2":5,"3":5,"4":0,"5":0,"6":0,"7":0,"8":2,"9":2,"10":3,"11":3,"12":0,"13":0,"14":0,"15":2,"16":2,"17":1,"18":1,"19":0,"20":0,"21":2,"22":13,"23":13},"f":{"0":13,"1":3,"2":13},"b":{"0":[5,0,0,2,3,0,2,1,0],"1":[13,2]},"_coverageSchema":"1a1c01bbd47fc00a2c39e90264f33305004495a9","hash":"1d85bb9ee4b75bc54ff7702103ee90865916c150"}
,"C:\\Users\\Iwan\\OneDrive\\Desktop\\BOOTCAMP PHASE 2\\IP-P2\\IP-RMT54\\Server\\models\\favorite.js": {"path":"C:\\Users\\Iwan\\OneDrive\\Desktop\\BOOTCAMP PHASE 2\\IP-P2\\IP-RMT54\\Server\\models\\favorite.js","statementMap":{"0":{"start":{"line":2,"column":18},"end":{"line":2,"column":38}},"1":{"start":{"line":3,"column":0},"end":{"line":58,"column":2}},"2":{"start":{"line":12,"column":6},"end":{"line":12,"column":37}},"3":{"start":{"line":15,"column":2},"end":{"line":56,"column":4}},"4":{"start":{"line":57,"column":2},"end":{"line":57,"column":18}}},"fnMap":{"0":{"name":"(anonymous_0)","decl":{"start":{"line":3,"column":17},"end":{"line":3,"column":18}},"loc":{"start":{"line":3,"column":43},"end":{"line":58,"column":1}},"line":3},"1":{"name":"(anonymous_1)","decl":{"start":{"line":10,"column":4},"end":{"line":10,"column":5}},"loc":{"start":{"line":10,"column":29},"end":{"line":13,"column":5}},"line":10}},"branchMap":{},"s":{"0":2,"1":2,"2":2,"3":2,"4":2},"f":{"0":2,"1":2},"b":{},"_coverageSchema":"1a1c01bbd47fc00a2c39e90264f33305004495a9","hash":"82b28222205789c9aa92b77bd21570d9fee03ca7"}
,"C:\\Users\\Iwan\\OneDrive\\Desktop\\BOOTCAMP PHASE 2\\IP-P2\\IP-RMT54\\Server\\models\\index.js": {"path":"C:\\Users\\Iwan\\OneDrive\\Desktop\\BOOTCAMP PHASE 2\\IP-P2\\IP-RMT54\\Server\\models\\index.js","statementMap":{"0":{"start":{"line":3,"column":11},"end":{"line":3,"column":24}},"1":{"start":{"line":4,"column":13},"end":{"line":4,"column":28}},"2":{"start":{"line":5,"column":18},"end":{"line":5,"column":38}},"3":{"start":{"line":6,"column":16},"end":{"line":6,"column":34}},"4":{"start":{"line":7,"column":17},"end":{"line":7,"column":42}},"5":{"start":{"line":8,"column":12},"end":{"line":8,"column":49}},"6":{"start":{"line":9,"column":15},"end":{"line":9,"column":65}},"7":{"start":{"line":10,"column":11},"end":{"line":10,"column":13}},"8":{"start":{"line":13,"column":0},"end":{"line":17,"column":1}},"9":{"start":{"line":14,"column":2},"end":{"line":14,"column":74}},"10":{"start":{"line":16,"column":2},"end":{"line":16,"column":87}},"11":{"start":{"line":19,"column":0},"end":{"line":32,"column":5}},"12":{"start":{"line":22,"column":4},"end":{"line":27,"column":6}},"13":{"start":{"line":30,"column":18},"end":{"line":30,"column":85}},"14":{"start":{"line":31,"column":4},"end":{"line":31,"column":27}},"15":{"start":{"line":34,"column":0},"end":{"line":38,"column":3}},"16":{"start":{"line":35,"column":2},"end":{"line":37,"column":3}},"17":{"start":{"line":36,"column":4},"end":{"line":36,"column":32}},"18":{"start":{"line":40,"column":0},"end":{"line":40,"column":25}},"19":{"start":{"line":41,"column":0},"end":{"line":41,"column":25}},"20":{"start":{"line":43,"column":0},"end":{"line":43,"column":20}}},"fnMap":{"0":{"name":"(anonymous_0)","decl":{"start":{"line":21,"column":10},"end":{"line":21,"column":11}},"loc":{"start":{"line":21,"column":18},"end":{"line":28,"column":3}},"line":21},"1":{"name":"(anonymous_1)","decl":{"start":{"line":29,"column":11},"end":{"line":29,"column":12}},"loc":{"start":{"line":29,"column":19},"end":{"line":32,"column":3}},"line":29},"2":{"name":"(anonymous_2)","decl":{"start":{"line":34,"column":24},"end":{"line":34,"column":25}},"loc":{"start":{"line":34,"column":37},"end":{"line":38,"column":1}},"line":34}},"branchMap":{"0":{"loc":{"start":{"line":8,"column":12},"end":{"line":8,"column":49}},"type":"binary-expr","locations":[{"start":{"line":8,"column":12},"end":{"line":8,"column":32}},{"start":{"line":8,"column":36},"end":{"line":8,"column":49}}],"line":8},"1":{"loc":{"start":{"line":13,"column":0},"end":{"line":17,"column":1}},"type":"if","locations":[{"start":{"line":13,"column":0},"end":{"line":17,"column":1}},{"start":{"line":15,"column":7},"end":{"line":17,"column":1}}],"line":13},"2":{"loc":{"start":{"line":23,"column":6},"end":{"line":26,"column":37}},"type":"binary-expr","locations":[{"start":{"line":23,"column":6},"end":{"line":23,"column":29}},{"start":{"line":24,"column":6},"end":{"line":24,"column":23}},{"start":{"line":25,"column":6},"end":{"line":25,"column":30}},{"start":{"line":26,"column":6},"end":{"line":26,"column":37}}],"line":23},"3":{"loc":{"start":{"line":35,"column":2},"end":{"line":37,"column":3}},"type":"if","locations":[{"start":{"line":35,"column":2},"end":{"line":37,"column":3}},{"start":{},"end":{}}],"line":35}},"s":{"0":2,"1":2,"2":2,"3":2,"4":2,"5":2,"6":2,"7":2,"8":2,"9":0,"10":2,"11":2,"12":8,"13":6,"14":6,"15":2,"16":6,"17":6,"18":2,"19":2,"20":2},"f":{"0":8,"1":6,"2":6},"b":{"0":[2,0],"1":[0,2],"2":[8,8,6,6],"3":[6,0]},"_coverageSchema":"1a1c01bbd47fc00a2c39e90264f33305004495a9","hash":"93aa882871bdded098b05c835e51c09690a1b6c1"}
,"C:\\Users\\Iwan\\OneDrive\\Desktop\\BOOTCAMP PHASE 2\\IP-P2\\IP-RMT54\\Server\\models\\profile.js": {"path":"C:\\Users\\Iwan\\OneDrive\\Desktop\\BOOTCAMP PHASE 2\\IP-P2\\IP-RMT54\\Server\\models\\profile.js","statementMap":{"0":{"start":{"line":4,"column":4},"end":{"line":4,"column":24}},"1":{"start":{"line":5,"column":0},"end":{"line":40,"column":2}},"2":{"start":{"line":14,"column":6},"end":{"line":14,"column":34}},"3":{"start":{"line":17,"column":2},"end":{"line":38,"column":4}},"4":{"start":{"line":39,"column":2},"end":{"line":39,"column":17}}},"fnMap":{"0":{"name":"(anonymous_0)","decl":{"start":{"line":5,"column":17},"end":{"line":5,"column":18}},"loc":{"start":{"line":5,"column":43},"end":{"line":40,"column":1}},"line":5},"1":{"name":"(anonymous_1)","decl":{"start":{"line":12,"column":4},"end":{"line":12,"column":5}},"loc":{"start":{"line":12,"column":29},"end":{"line":15,"column":5}},"line":12}},"branchMap":{},"s":{"0":2,"1":2,"2":2,"3":2,"4":2},"f":{"0":2,"1":2},"b":{},"_coverageSchema":"1a1c01bbd47fc00a2c39e90264f33305004495a9","hash":"a938d342c8c50efb2fe6ab383e158466aac1718c"}
,"C:\\Users\\Iwan\\OneDrive\\Desktop\\BOOTCAMP PHASE 2\\IP-P2\\IP-RMT54\\Server\\models\\user.js": {"path":"C:\\Users\\Iwan\\OneDrive\\Desktop\\BOOTCAMP PHASE 2\\IP-P2\\IP-RMT54\\Server\\models\\user.js","statementMap":{"0":{"start":{"line":5,"column":4},"end":{"line":5,"column":24}},"1":{"start":{"line":6,"column":15},"end":{"line":6,"column":32}},"2":{"start":{"line":7,"column":0},"end":{"line":87,"column":2}},"3":{"start":{"line":16,"column":6},"end":{"line":16,"column":35}},"4":{"start":{"line":17,"column":6},"end":{"line":17,"column":36}},"5":{"start":{"line":20,"column":2},"end":{"line":80,"column":4}},"6":{"start":{"line":81,"column":2},"end":{"line":85,"column":5}},"7":{"start":{"line":82,"column":17},"end":{"line":82,"column":39}},"8":{"start":{"line":83,"column":21},"end":{"line":83,"column":54}},"9":{"start":{"line":84,"column":4},"end":{"line":84,"column":26}},"10":{"start":{"line":86,"column":2},"end":{"line":86,"column":14}}},"fnMap":{"0":{"name":"(anonymous_0)","decl":{"start":{"line":7,"column":17},"end":{"line":7,"column":18}},"loc":{"start":{"line":7,"column":43},"end":{"line":87,"column":1}},"line":7},"1":{"name":"(anonymous_1)","decl":{"start":{"line":14,"column":4},"end":{"line":14,"column":5}},"loc":{"start":{"line":14,"column":29},"end":{"line":18,"column":5}},"line":14},"2":{"name":"(anonymous_2)","decl":{"start":{"line":81,"column":20},"end":{"line":81,"column":21}},"loc":{"start":{"line":81,"column":27},"end":{"line":85,"column":3}},"line":81}},"branchMap":{},"s":{"0":2,"1":2,"2":2,"3":2,"4":2,"5":2,"6":2,"7":3,"8":3,"9":3,"10":2},"f":{"0":2,"1":2,"2":3},"b":{},"_coverageSchema":"1a1c01bbd47fc00a2c39e90264f33305004495a9","hash":"150b909435f5333b5204fa7114a64c42eb8149d5"}
}
