TN:
SF:app.js
FNF:0
FNH:0
DA:1,2
DA:2,2
DA:3,2
DA:4,2
DA:5,2
DA:6,2
DA:7,2
DA:8,2
DA:9,2
DA:12,2
DA:13,2
DA:14,2
DA:16,2
DA:17,2
DA:18,2
DA:20,2
DA:21,2
DA:23,2
DA:30,2
DA:31,2
DA:33,2
DA:35,2
DA:36,2
DA:37,2
DA:38,2
DA:40,2
DA:42,2
LF:27
LH:27
BRDA:8,0,0,2
BRDA:8,0,1,0
BRF:2
BRH:1
end_of_record
TN:
SF:controllers\controller.js
FN:7,(anonymous_0)
FN:26,(anonymous_1)
FN:65,(anonymous_2)
FN:99,(anonymous_3)
FN:115,(anonymous_4)
FN:138,(anonymous_5)
FN:157,(anonymous_6)
FN:174,(anonymous_7)
FN:193,(anonymous_8)
FN:221,(anonymous_9)
FN:239,oo_cm
FNF:11
FNH:8
FNDA:5,(anonymous_0)
FNDA:7,(anonymous_1)
FNDA:0,(anonymous_2)
FNDA:1,(anonymous_3)
FNDA:1,(anonymous_4)
FNDA:0,(anonymous_5)
FNDA:1,(anonymous_6)
FNDA:1,(anonymous_7)
FNDA:0,(anonymous_8)
FNDA:1,(anonymous_9)
FNDA:5,oo_cm
DA:1,2
DA:2,2
DA:3,2
DA:4,2
DA:8,5
DA:9,5
DA:10,5
DA:17,1
DA:18,1
DA:20,1
DA:22,4
DA:23,4
DA:27,7
DA:28,7
DA:29,7
DA:30,1
DA:31,1
DA:33,6
DA:34,1
DA:35,1
DA:38,5
DA:40,5
DA:41,1
DA:47,4
DA:49,4
DA:50,1
DA:56,3
DA:58,3
DA:60,0
DA:61,0
DA:66,0
DA:67,0
DA:69,0
DA:70,0
DA:76,0
DA:78,0
DA:90,0
DA:92,0
DA:94,0
DA:95,0
DA:100,1
DA:101,1
DA:102,1
DA:103,1
DA:108,1
DA:110,0
DA:111,0
DA:116,1
DA:117,1
DA:118,1
DA:119,1
DA:121,1
DA:122,1
DA:123,0
DA:129,1
DA:131,1
DA:133,0
DA:134,0
DA:139,0
DA:140,0
DA:141,0
DA:142,0
DA:143,0
DA:149,0
DA:151,0
DA:152,0
DA:158,1
DA:159,1
DA:160,1
DA:167,1
DA:169,0
DA:170,0
DA:175,1
DA:176,1
DA:177,1
DA:178,1
DA:179,1
DA:186,1
DA:188,0
DA:189,0
DA:194,0
DA:196,0
DA:197,0
DA:203,0
DA:204,0
DA:206,0
DA:210,0
DA:212,0
DA:214,0
DA:216,0
DA:217,0
DA:222,1
DA:223,1
DA:225,1
DA:227,0
DA:228,0
DA:232,2
DA:239,5
LF:98
LH:56
BRDA:29,0,0,1
BRDA:29,0,1,6
BRDA:33,1,0,1
BRDA:33,1,1,5
BRDA:40,2,0,1
BRDA:40,2,1,4
BRDA:49,3,0,1
BRDA:49,3,1,3
BRDA:122,4,0,0
BRDA:122,4,1,1
BRDA:142,5,0,0
BRDA:142,5,1,0
BRDA:239,6,0,5
BRDA:239,6,1,0
BRF:14
BRH:10
end_of_record
TN:
SF:helpers\jwt.js
FN:5,(anonymous_0)
FN:9,(anonymous_1)
FNF:2
FNH:2
FNDA:3,(anonymous_0)
FNDA:5,(anonymous_1)
DA:1,2
DA:3,2
DA:5,2
DA:6,3
DA:9,2
DA:10,5
DA:13,2
LF:7
LH:7
BRF:0
BRH:0
end_of_record
TN:
SF:middlewares\authentication.js
FN:4,authentication
FN:47,oo_cm
FNF:2
FNH:1
FNDA:10,authentication
FNDA:0,oo_cm
DA:1,2
DA:2,2
DA:5,10
DA:7,10
DA:8,5
DA:9,5
DA:12,5
DA:15,5
DA:16,0
DA:17,0
DA:21,5
DA:22,5
DA:24,5
DA:25,5
DA:26,0
DA:27,0
DA:31,5
DA:32,5
DA:34,0
DA:35,0
DA:40,2
DA:47,0
LF:22
LH:15
BRDA:7,0,0,5
BRDA:7,0,1,5
BRDA:15,1,0,0
BRDA:15,1,1,5
BRDA:25,2,0,0
BRDA:25,2,1,5
BRDA:47,3,0,0
BRDA:47,3,1,0
BRF:8
BRH:4
end_of_record
TN:
SF:middlewares\authorization.js
FN:3,updateDelete
FN:36,admin
FN:64,oo_cm
FNF:3
FNH:1
FNDA:1,updateDelete
FNDA:0,admin
FNDA:0,oo_cm
DA:1,2
DA:4,1
DA:10,1
DA:11,0
DA:14,1
DA:15,1
DA:16,1
DA:18,1
DA:19,0
DA:22,1
DA:23,1
DA:25,0
DA:31,0
DA:32,0
DA:37,0
DA:43,0
DA:44,0
DA:45,0
DA:50,0
DA:53,0
DA:54,0
DA:57,2
DA:64,0
LF:23
LH:10
BRDA:10,0,0,0
BRDA:10,0,1,1
BRDA:18,1,0,0
BRDA:18,1,1,1
BRDA:22,2,0,1
BRDA:22,2,1,0
BRDA:44,3,0,0
BRDA:44,3,1,0
BRDA:64,4,0,0
BRDA:64,4,1,0
BRF:10
BRH:3
end_of_record
TN:
SF:middlewares\errorHandler.js
FN:1,errorHandler
FN:19,(anonymous_1)
FN:45,oo_cm
FNF:3
FNH:3
FNDA:13,errorHandler
FNDA:3,(anonymous_1)
FNDA:13,oo_cm
DA:2,13
DA:3,13
DA:5,5
DA:6,5
DA:8,0
DA:9,0
DA:11,0
DA:12,0
DA:14,2
DA:15,2
DA:17,3
DA:19,3
DA:20,0
DA:22,0
DA:23,0
DA:25,2
DA:26,2
DA:28,1
DA:31,1
DA:34,0
DA:35,0
DA:38,2
DA:45,13
LF:23
LH:14
BRDA:3,0,0,5
BRDA:3,0,1,0
BRDA:3,0,2,0
BRDA:3,0,3,2
BRDA:3,0,4,3
BRDA:3,0,5,0
BRDA:3,0,6,2
BRDA:3,0,7,1
BRDA:3,0,8,0
BRDA:45,1,0,13
BRDA:45,1,1,2
BRF:11
BRH:7
end_of_record
TN:
SF:models\favorite.js
FN:3,(anonymous_0)
FN:10,(anonymous_1)
FNF:2
FNH:2
FNDA:2,(anonymous_0)
FNDA:2,(anonymous_1)
DA:2,2
DA:3,2
DA:12,2
DA:15,2
DA:57,2
LF:5
LH:5
BRF:0
BRH:0
end_of_record
TN:
SF:models\index.js
FN:21,(anonymous_0)
FN:29,(anonymous_1)
FN:34,(anonymous_2)
FNF:3
FNH:3
FNDA:8,(anonymous_0)
FNDA:6,(anonymous_1)
FNDA:6,(anonymous_2)
DA:3,2
DA:4,2
DA:5,2
DA:6,2
DA:7,2
DA:8,2
DA:9,2
DA:10,2
DA:13,2
DA:14,0
DA:16,2
DA:19,2
DA:22,8
DA:30,6
DA:31,6
DA:34,2
DA:35,6
DA:36,6
DA:40,2
DA:41,2
DA:43,2
LF:21
LH:20
BRDA:8,0,0,2
BRDA:8,0,1,0
BRDA:13,1,0,0
BRDA:13,1,1,2
BRDA:23,2,0,8
BRDA:23,2,1,8
BRDA:23,2,2,6
BRDA:23,2,3,6
BRDA:35,3,0,6
BRDA:35,3,1,0
BRF:10
BRH:7
end_of_record
TN:
SF:models\profile.js
FN:5,(anonymous_0)
FN:12,(anonymous_1)
FNF:2
FNH:2
FNDA:2,(anonymous_0)
FNDA:2,(anonymous_1)
DA:4,2
DA:5,2
DA:14,2
DA:17,2
DA:39,2
LF:5
LH:5
BRF:0
BRH:0
end_of_record
TN:
SF:models\user.js
FN:7,(anonymous_0)
FN:14,(anonymous_1)
FN:81,(anonymous_2)
FNF:3
FNH:3
FNDA:2,(anonymous_0)
FNDA:2,(anonymous_1)
FNDA:3,(anonymous_2)
DA:5,2
DA:6,2
DA:7,2
DA:16,2
DA:17,2
DA:20,2
DA:81,2
DA:82,3
DA:83,3
DA:84,3
DA:86,2
LF:11
LH:11
BRF:0
BRH:0
end_of_record
